Determining if the pthread_create exist failed with the following output:
Change Dir: /home/bryce/Documents/research/code/b2/CMakeFiles/CMakeTmp

Run Build Command:"/usr/bin/make" "cmTryCompileExec3187781919/fast"
/usr/bin/make -f CMakeFiles/cmTryCompileExec3187781919.dir/build.make CMakeFiles/cmTryCompileExec3187781919.dir/build
make[1]: Entering directory '/home/bryce/Documents/research/code/b2/CMakeFiles/CMakeTmp'
/usr/bin/cmake -E cmake_progress_report /home/bryce/Documents/research/code/b2/CMakeFiles/CMakeTmp/CMakeFiles 1
Building C object CMakeFiles/cmTryCompileExec3187781919.dir/CheckSymbolExists.c.o
/usr/bin/cc    -o CMakeFiles/cmTryCompileExec3187781919.dir/CheckSymbolExists.c.o   -c /home/bryce/Documents/research/code/b2/CMakeFiles/CMakeTmp/CheckSymbolExists.c
Linking C executable cmTryCompileExec3187781919
/usr/bin/cmake -E cmake_link_script CMakeFiles/cmTryCompileExec3187781919.dir/link.txt --verbose=1
/usr/bin/cc       CMakeFiles/cmTryCompileExec3187781919.dir/CheckSymbolExists.c.o  -o cmTryCompileExec3187781919 -rdynamic 
CMakeFiles/cmTryCompileExec3187781919.dir/CheckSymbolExists.c.o: In function `main':
CheckSymbolExists.c:(.text+0x16): undefined reference to `pthread_create'
collect2: error: ld returned 1 exit status
CMakeFiles/cmTryCompileExec3187781919.dir/build.make:88: recipe for target 'cmTryCompileExec3187781919' failed
make[1]: Leaving directory '/home/bryce/Documents/research/code/b2/CMakeFiles/CMakeTmp'
Makefile:117: recipe for target 'cmTryCompileExec3187781919/fast' failed
make[1]: *** [cmTryCompileExec3187781919] Error 1
make: *** [cmTryCompileExec3187781919/fast] Error 2

File /home/bryce/Documents/research/code/b2/CMakeFiles/CMakeTmp/CheckSymbolExists.c:
/* */
#include <pthread.h>

int main(int argc, char** argv)
{
  (void)argv;
#ifndef pthread_create
  return ((int*)(&pthread_create))[argc];
#else
  (void)argc;
  return 0;
#endif
}

Determining if the function pthread_create exists in the pthreads failed with the following output:
Change Dir: /home/bryce/Documents/research/code/b2/CMakeFiles/CMakeTmp

Run Build Command:"/usr/bin/make" "cmTryCompileExec283249188/fast"
/usr/bin/make -f CMakeFiles/cmTryCompileExec283249188.dir/build.make CMakeFiles/cmTryCompileExec283249188.dir/build
make[1]: Entering directory '/home/bryce/Documents/research/code/b2/CMakeFiles/CMakeTmp'
/usr/bin/cmake -E cmake_progress_report /home/bryce/Documents/research/code/b2/CMakeFiles/CMakeTmp/CMakeFiles 1
Building C object CMakeFiles/cmTryCompileExec283249188.dir/CheckFunctionExists.c.o
/usr/bin/cc   -DCHECK_FUNCTION_EXISTS=pthread_create   -o CMakeFiles/cmTryCompileExec283249188.dir/CheckFunctionExists.c.o   -c /usr/share/cmake-3.2/Modules/CheckFunctionExists.c
Linking C executable cmTryCompileExec283249188
/usr/bin/cmake -E cmake_link_script CMakeFiles/cmTryCompileExec283249188.dir/link.txt --verbose=1
/usr/bin/cc   -DCHECK_FUNCTION_EXISTS=pthread_create    CMakeFiles/cmTryCompileExec283249188.dir/CheckFunctionExists.c.o  -o cmTryCompileExec283249188 -rdynamic -lpthreads 
/usr/bin/ld: cannot find -lpthreads
CMakeFiles/cmTryCompileExec283249188.dir/build.make:88: recipe for target 'cmTryCompileExec283249188' failed
make[1]: Leaving directory '/home/bryce/Documents/research/code/b2/CMakeFiles/CMakeTmp'
Makefile:117: recipe for target 'cmTryCompileExec283249188/fast' failed
collect2: error: ld returned 1 exit status
make[1]: *** [cmTryCompileExec283249188] Error 1
make: *** [cmTryCompileExec283249188/fast] Error 2


Determining if the function glXGetProcAddressEXT exists failed with the following output:
Change Dir: /home/bryce/Documents/research/code/b2/CMakeFiles/CMakeTmp

Run Build Command:"/usr/bin/make" "cmTryCompileExec1951213397/fast"
/usr/bin/make -f CMakeFiles/cmTryCompileExec1951213397.dir/build.make CMakeFiles/cmTryCompileExec1951213397.dir/build
make[1]: Entering directory '/home/bryce/Documents/research/code/b2/CMakeFiles/CMakeTmp'
/usr/bin/cmake -E cmake_progress_report /home/bryce/Documents/research/code/b2/CMakeFiles/CMakeTmp/CMakeFiles 1
Building C object CMakeFiles/cmTryCompileExec1951213397.dir/CheckFunctionExists.c.o
/usr/bin/cc   -DCHECK_FUNCTION_EXISTS=glXGetProcAddressEXT   -o CMakeFiles/cmTryCompileExec1951213397.dir/CheckFunctionExists.c.o   -c /usr/share/cmake-3.2/Modules/CheckFunctionExists.c
Linking C executable cmTryCompileExec1951213397
/usr/bin/cmake -E cmake_link_script CMakeFiles/cmTryCompileExec1951213397.dir/link.txt --verbose=1
/usr/bin/cc   -DCHECK_FUNCTION_EXISTS=glXGetProcAddressEXT    CMakeFiles/cmTryCompileExec1951213397.dir/CheckFunctionExists.c.o  -o cmTryCompileExec1951213397 -rdynamic -lGL 
CMakeFiles/cmTryCompileExec1951213397.dir/CheckFunctionExists.c.o: In function `main':
CheckFunctionExists.c:(.text+0x15): undefined reference to `glXGetProcAddressEXT'
CMakeFiles/cmTryCompileExec1951213397.dir/build.make:89: recipe for target 'cmTryCompileExec1951213397' failed
make[1]: Leaving directory '/home/bryce/Documents/research/code/b2/CMakeFiles/CMakeTmp'
Makefile:117: recipe for target 'cmTryCompileExec1951213397/fast' failed
collect2: error: ld returned 1 exit status
make[1]: *** [cmTryCompileExec1951213397] Error 1
make: *** [cmTryCompileExec1951213397/fast] Error 2


